::1 - admin_lvs [06/Jun/2017:10:23:26 +0000] "GET /users/2 HTTP/1.1" - - "-" "-"
::1 - admin_lvs [06/Jun/2017:10:27:57 +0000] "GET /users/2 HTTP/1.1" - - "-" "-"
::1 - admin_lvs [06/Jun/2017:10:28:20 +0000] "GET /users/2 HTTP/1.1" - - "-" "-"
::1 - admin_lvs [06/Jun/2017:10:29:04 +0000] "GET /users/2 HTTP/1.1" - - "-" "-"
::1 - admin_lvs [06/Jun/2017:10:31:19 +0000] "GET /users/2 HTTP/1.1" 200 25 "-" "-"
::1 - admin_lvs [06/Jun/2017:10:31:27 +0000] "GET /users/2 HTTP/1.1" 200 25 "-" "-"
::1 - admin_lvs [06/Jun/2017:10:31:53 +0000] "GET /users/2 HTTP/1.1" 200 0 "-" "-"
::1 - admin_lvs [06/Jun/2017:10:32:03 +0000] "GET /users/2 HTTP/1.1" 200 24 "-" "-"
::1 - admin_lvs [06/Jun/2017:10:32:13 +0000] "GET /users/2 HTTP/1.1" 200 0 "-" "-"
::1 - admin_lvs [06/Jun/2017:10:32:38 +0000] "GET /users/2 HTTP/1.1" - - "-" "-"
::1 - admin_lvs [06/Jun/2017:10:32:46 +0000] "GET /users/2 HTTP/1.1" 200 24 "-" "-"
::1 - admin_lvs [06/Jun/2017:10:34:35 +0000] "GET /users/2 HTTP/1.1" 200 24 "-" "-"
::1 - admin_lvs [06/Jun/2017:10:34:46 +0000] "GET /users/3 HTTP/1.1" 200 26 "-" "-"
::1 - admin_lvs [06/Jun/2017:10:40:27 +0000] "GET /users/ HTTP/1.1" - - "-" "-"
::1 - admin_lvs [06/Jun/2017:10:44:31 +0000] "POST /addusers/ HTTP/1.1" 404 149 "-" "-"
::1 - admin_lvs [06/Jun/2017:10:44:40 +0000] "POST /addusers HTTP/1.1" 404 148 "-" "-"
::1 - admin_lvs [06/Jun/2017:10:45:07 +0000] "POST /addusers HTTP/1.1" 500 1435 "-" "-"
::1 - admin_lvs [06/Jun/2017:10:46:00 +0000] "POST /addusers HTTP/1.1" 500 1435 "-" "-"
::1 - admin_lvs [06/Jun/2017:10:46:33 +0000] "POST /addusers HTTP/1.1" 500 1435 "-" "-"
::1 - admin_lvs [06/Jun/2017:10:55:43 +0000] "POST /addusers HTTP/1.1" 500 1435 "-" "-"
::1 - admin_lvs [06/Jun/2017:11:02:05 +0000] "POST /addusers HTTP/1.1" 500 1435 "-" "-"
::1 - admin_lvs [06/Jun/2017:11:17:39 +0000] "POST /addusers HTTP/1.1" 400 1047 "-" "-"
::1 - admin_lvs [06/Jun/2017:11:18:02 +0000] "POST /addusers HTTP/1.1" 400 1047 "-" "-"
::1 - admin_lvs [06/Jun/2017:11:18:14 +0000] "POST /addusers HTTP/1.1" 400 1051 "-" "-"
::1 - admin_lvs [06/Jun/2017:11:18:30 +0000] "POST /addusers HTTP/1.1" 400 1052 "-" "-"
::1 - admin_lvs [06/Jun/2017:11:18:37 +0000] "POST /addusers HTTP/1.1" 400 1052 "-" "-"
::1 - admin_lvs [06/Jun/2017:11:18:44 +0000] "POST /addusers HTTP/1.1" 500 1435 "-" "-"
::1 - admin_lvs [06/Jun/2017:11:18:53 +0000] "POST /addusers HTTP/1.1" 500 1435 "-" "-"
::1 - admin_lvs [06/Jun/2017:11:22:54 +0000] "POST /addusers HTTP/1.1" 500 1429 "-" "-"
::1 - admin_lvs [06/Jun/2017:11:23:09 +0000] "POST /addusers HTTP/1.1" 500 1429 "-" "-"
::1 - admin_lvs [06/Jun/2017:11:24:22 +0000] "POST /addusers HTTP/1.1" 500 1429 "-" "-"
::1 - admin_lvs [06/Jun/2017:11:24:31 +0000] "POST /addusers HTTP/1.1" 200 98 "-" "-"
::1 - admin_lvs [06/Jun/2017:11:24:58 +0000] "POST /addusers HTTP/1.1" 200 98 "-" "-"
::1 - admin_lvs [06/Jun/2017:11:25:22 +0000] "POST /addusers HTTP/1.1" 200 98 "-" "-"
::1 - admin_lvs [06/Jun/2017:11:40:05 +0000] "POST /addusers HTTP/1.1" 500 1380 "-" "-"
::1 - admin_lvs [06/Jun/2017:11:40:29 +0000] "POST /addusers HTTP/1.1" 200 98 "-" "-"
::1 - admin_lvs [06/Jun/2017:11:41:27 +0000] "POST /addusers HTTP/1.1" - - "-" "-"
::1 - admin_lvs [06/Jun/2017:11:42:01 +0000] "POST /addusers HTTP/1.1" 400 1068 "-" "-"
::1 - admin_lvs [06/Jun/2017:11:42:13 +0000] "POST /addusers HTTP/1.1" 400 1068 "-" "-"
::1 - admin_lvs [06/Jun/2017:11:42:22 +0000] "POST /addusers HTTP/1.1" 400 1063 "-" "-"
::1 - admin_lvs [06/Jun/2017:11:42:36 +0000] "POST /addusers HTTP/1.1" 400 1063 "-" "-"
::1 - admin_lvs [06/Jun/2017:11:42:45 +0000] "POST /addusers HTTP/1.1" - - "-" "-"
::1 - admin_lvs [06/Jun/2017:11:44:39 +0000] "POST /addusers HTTP/1.1" 500 1381 "-" "-"
::1 - admin_lvs [06/Jun/2017:11:45:37 +0000] "POST /addusers HTTP/1.1" - - "-" "-"
::1 - admin_lvs [06/Jun/2017:11:45:45 +0000] "POST /addusers HTTP/1.1" 500 1389 "-" "-"
::1 - admin_lvs [06/Jun/2017:11:49:31 +0000] "POST /addusers HTTP/1.1" - - "-" "-"
::1 - admin_lvs [06/Jun/2017:11:49:42 +0000] "POST /addusers HTTP/1.1" - - "-" "-"
::1 - admin_lvs [06/Jun/2017:11:55:02 +0000] "POST /addusers HTTP/1.1" 500 1435 "-" "-"
::1 - admin_lvs [06/Jun/2017:11:55:36 +0000] "POST /addusers HTTP/1.1" 500 1435 "-" "-"
::1 - admin_lvs [06/Jun/2017:12:01:07 +0000] "POST /addusers HTTP/1.1" 500 1424 "-" "-"
::1 - admin_lvs [06/Jun/2017:12:01:57 +0000] "POST /addusers HTTP/1.1" 200 98 "-" "-"
::1 - admin_lvs [06/Jun/2017:12:43:13 +0000] "POST /addusers HTTP/1.1" 200 98 "-" "-"
::1 - admin_lvs [06/Jun/2017:12:44:27 +0000] "POST /addusers HTTP/1.1" 200 98 "-" "-"
::1 - admin_lvs [06/Jun/2017:12:47:47 +0000] "POST /addusers HTTP/1.1" 200 98 "-" "-"
::1 - admin_lvs [06/Jun/2017:12:50:04 +0000] "POST /addusers HTTP/1.1" 200 98 "-" "-"
::1 - admin_lvs [06/Jun/2017:12:50:20 +0000] "POST /addusers HTTP/1.1" 200 98 "-" "-"
::1 - admin_lvs [06/Jun/2017:12:51:20 +0000] "POST /addusers HTTP/1.1" 200 98 "-" "-"
::1 - admin_lvs [06/Jun/2017:12:52:55 +0000] "POST /addusers HTTP/1.1" 200 98 "-" "-"
::1 - admin_lvs [06/Jun/2017:12:53:34 +0000] "POST /addusers HTTP/1.1" 200 98 "-" "-"
::1 - admin_lvs [06/Jun/2017:13:11:07 +0000] "POST /addusers HTTP/1.1" 200 98 "-" "-"
::1 - admin_lvs [06/Jun/2017:13:11:30 +0000] "POST /addusers HTTP/1.1" 200 98 "-" "-"
::1 - admin_lvs [06/Jun/2017:13:13:03 +0000] "POST /addusers HTTP/1.1" 200 98 "-" "-"
::1 - admin_lvs [06/Jun/2017:13:13:36 +0000] "POST /addusers HTTP/1.1" 200 98 "-" "-"
::1 - admin_lvs [06/Jun/2017:13:22:41 +0000] "POST /addusers HTTP/1.1" 200 98 "-" "-"
::1 - admin_lvs [06/Jun/2017:13:23:56 +0000] "POST /addusers HTTP/1.1" 200 98 "-" "-"
::1 - admin_lvs [06/Jun/2017:13:49:58 +0000] "POST /users HTTP/1.1" 404 145 "-" "-"
::1 - admin_lvs [06/Jun/2017:13:51:26 +0000] "GET /users HTTP/1.1" 200 230 "-" "-"
::1 - admin_lvs [06/Jun/2017:14:43:59 +0000] "GET /brands HTTP/1.1" 404 145 "-" "-"
::1 - admin_lvs [06/Jun/2017:14:55:02 +0000] "GET /users HTTP/1.1" 200 230 "-" "-"
::1 - admin_lvs [06/Jun/2017:14:55:34 +0000] "GET /users HTTP/1.1" 200 230 "-" "-"
::1 - admin_lvs [06/Jun/2017:15:43:30 +0000] "GET /users HTTP/1.1" 404 144 "-" "-"
::1 - admin_lvs [06/Jun/2017:15:57:45 +0000] "GET /users/ HTTP/1.1" 404 145 "-" "-"
::1 - admin_lvs [06/Jun/2017:15:57:50 +0000] "GET /users HTTP/1.1" 404 144 "-" "-"
::1 - admin_lvs [06/Jun/2017:15:58:06 +0000] "GET /users HTTP/1.1" 200 230 "-" "-"
